(THU.CST) os is loading ...

Special kernel symbols:
  entry  0xc010002a (phys)
  etext  0xc0109209 (phys)
  edata  0xc0121a68 (phys)
  end    0xc0122bb0 (phys)
Kernel executable memory footprint: 139KB
ebp:0xc0120f38 eip:0xc01009df args:0x00010094 0x00000000 0xc0120f68 0xc01000cb 
    kern/debug/kdebug.c:308: print_stackframe+21
ebp:0xc0120f48 eip:0xc0100cce args:0x00000000 0x00000000 0x00000000 0xc0120fb8 
    kern/debug/kmonitor.c:129: mon_backtrace+10
ebp:0xc0120f68 eip:0xc01000cb args:0x00000000 0xc0120f90 0xffff0000 0xc0120f94 
    kern/init/init.c:57: grade_backtrace2+33
ebp:0xc0120f88 eip:0xc01000f4 args:0x00000000 0xffff0000 0xc0120fb4 0x0000002a 
    kern/init/init.c:62: grade_backtrace1+38
ebp:0xc0120fa8 eip:0xc0100112 args:0x00000000 0xc010002a 0xffff0000 0x0000001d 
    kern/init/init.c:67: grade_backtrace0+23
ebp:0xc0120fc8 eip:0xc0100137 args:0xc010923c 0xc0109220 0x00001148 0x00000000 
    kern/init/init.c:72: grade_backtrace+34
ebp:0xc0120ff8 eip:0xc010007f args:0x00000000 0x00000000 0x0000ffff 0x40cf9a00 
    kern/init/init.c:32: kern_init+84
memory management: default_pmm_manager
e820map:
  memory: 0009fc00, [00000000, 0009fbff], type = 1.
  memory: 00000400, [0009fc00, 0009ffff], type = 2.
  memory: 00010000, [000f0000, 000fffff], type = 2.
  memory: 07efe000, [00100000, 07ffdfff], type = 1.
  memory: 00002000, [07ffe000, 07ffffff], type = 2.
  memory: 00040000, [fffc0000, ffffffff], type = 2.
count:1 
check_alloc_page() succeeded!
check_pgdir() succeeded!
check_boot_pgdir() succeeded!
-------------------- BEGIN --------------------
PDE(0e0) c0000000-f8000000 38000000 urw
  |-- PTE(38000) c0000000-f8000000 38000000 -rw
PDE(001) fac00000-fb000000 00400000 -rw
  |-- PTE(000e0) faf00000-fafe0000 000e0000 urw
  |-- PTE(00001) fafeb000-fafec000 00001000 -rw
--------------------- END ---------------------
check_vma_struct() succeeded!
page fault at 0x00000100: K/W [no page found].
check_pgfault() succeeded!
check_vmm() succeeded.
ide 0:      10000(sectors), 'QEMU HARDDISK'.
ide 1:     262144(sectors), 'QEMU HARDDISK'.
SWAP: manager = fifo swap manager
BEGIN check_swap: count 1, total 31994
setup Page Table for vaddr 0X1000, so alloc a page
setup Page Table vaddr 0~4MB OVER!
set up init env for check_swap begin!
page fault at 0x00001000: K/W [no page found].
pgdir_alloc_page: alloc_page pa: 0x307000
 _fifo_map_swappable begin:########## 
 ########## 
 _fifo_map_swappable end:########## 
 page in list: 0 
########## 
page fault at 0x00002000: K/W [no page found].
pgdir_alloc_page: alloc_page pa: 0x308000
 _fifo_map_swappable begin:########## 
 page in list: 1000 
 ########## 
 _fifo_map_swappable end:########## 
 page in list: 1000 
 page in list: 0 
########## 
page fault at 0x00003000: K/W [no page found].
pgdir_alloc_page: alloc_page pa: 0x309000
 _fifo_map_swappable begin:########## 
 page in list: 1000 
 page in list: 2000 
 ########## 
 _fifo_map_swappable end:########## 
 page in list: 1000 
 page in list: 2000 
 page in list: 0 
########## 
page fault at 0x00004000: K/W [no page found].
pgdir_alloc_page: alloc_page pa: 0x30a000
 _fifo_map_swappable begin:########## 
 page in list: 1000 
 page in list: 2000 
 page in list: 3000 
 ########## 
 _fifo_map_swappable end:########## 
 page in list: 1000 
 page in list: 2000 
 page in list: 3000 
 page in list: 0 
########## 
##########
set up init env for check_swap over!
##########
write Virt Page c in fifo_check_swap
write Virt Page a in fifo_check_swap
write Virt Page d in fifo_check_swap
write Virt Page b in fifo_check_swap
write Virt Page e in fifo_check_swap
page fault at 0x00005000: K/W [no page found].
 _fifo_swap_out_victim begin:########## 
 page in list: 1000 
 page in list: 2000 
 page in list: 3000 
 page in list: 4000 
 ########## 
 _fifo_swap_out_victim end:########## 
 page in list: 2000 
 page in list: 3000 
 page in list: 4000 
 ########## 
i 0, SWAP: call swap_out_victim , page_va: 0x1000 
swap_out: i 0, store page in vaddr 0x1000 to disk swap entry 2
i 0, swap_out: page_pa: 0x307000
freelist, swap_out: 0x307000
freeblock_size, swap_out: 0x1
##########
pgdir_alloc_page: alloc_page pa: 0x307000
 _fifo_map_swappable begin:########## 
 page in list: 2000 
 page in list: 3000 
 page in list: 4000 
 ########## 
 _fifo_map_swappable end:########## 
 page in list: 2000 
 page in list: 3000 
 page in list: 4000 
 page in list: 1000 
########## 
write Virt Page b in fifo_check_swap
write Virt Page a in fifo_check_swap
page fault at 0x00001000: K/W [no page found].
 _fifo_swap_out_victim begin:########## 
 page in list: 2000 
 page in list: 3000 
 page in list: 4000 
 page in list: 5000 
 ########## 
 _fifo_swap_out_victim end:########## 
 page in list: 3000 
 page in list: 4000 
 page in list: 5000 
 ########## 
i 0, SWAP: call swap_out_victim , page_va: 0x2000 
swap_out: i 0, store page in vaddr 0x2000 to disk swap entry 3
i 0, swap_out: page_pa: 0x308000
freelist, swap_out: 0x308000
freeblock_size, swap_out: 0x1
##########
swap_in: alloc_page pa: 0x308000
swap_in: alloc_page va: 0x2000
swap_in: load disk swap entry 2 with swap_page in vadr 0x1000
 swap_out_page is: 0x2000
 _fifo_map_swappable begin:########## 
 page in list: 3000 
 page in list: 4000 
 page in list: 5000 
 ########## 
 _fifo_map_swappable end:########## 
 page in list: 3000 
 page in list: 4000 
 page in list: 5000 
 page in list: 2000 
########## 
write Virt Page b in fifo_check_swap
page fault at 0x00002000: K/W [no page found].
 _fifo_swap_out_victim begin:########## 
 page in list: 3000 
 page in list: 4000 
 page in list: 5000 
 page in list: 1000 
 ########## 
 _fifo_swap_out_victim end:########## 
 page in list: 4000 
 page in list: 5000 
 page in list: 1000 
 ########## 
i 0, SWAP: call swap_out_victim , page_va: 0x3000 
swap_out: i 0, store page in vaddr 0x3000 to disk swap entry 4
i 0, swap_out: page_pa: 0x309000
freelist, swap_out: 0x309000
freeblock_size, swap_out: 0x1
##########
swap_in: alloc_page pa: 0x309000
swap_in: alloc_page va: 0x3000
swap_in: load disk swap entry 3 with swap_page in vadr 0x2000
 swap_out_page is: 0x3000
 _fifo_map_swappable begin:########## 
 page in list: 4000 
 page in list: 5000 
 page in list: 1000 
 ########## 
 _fifo_map_swappable end:########## 
 page in list: 4000 
 page in list: 5000 
 page in list: 1000 
 page in list: 3000 
########## 
write Virt Page c in fifo_check_swap
page fault at 0x00003000: K/W [no page found].
 _fifo_swap_out_victim begin:########## 
 page in list: 4000 
 page in list: 5000 
 page in list: 1000 
 page in list: 2000 
 ########## 
 _fifo_swap_out_victim end:########## 
 page in list: 5000 
 page in list: 1000 
 page in list: 2000 
 ########## 
i 0, SWAP: call swap_out_victim , page_va: 0x4000 
swap_out: i 0, store page in vaddr 0x4000 to disk swap entry 5
i 0, swap_out: page_pa: 0x30a000
freelist, swap_out: 0x30a000
freeblock_size, swap_out: 0x1
##########
swap_in: alloc_page pa: 0x30a000
swap_in: alloc_page va: 0x4000
swap_in: load disk swap entry 4 with swap_page in vadr 0x3000
 swap_out_page is: 0x4000
 _fifo_map_swappable begin:########## 
 page in list: 5000 
 page in list: 1000 
 page in list: 2000 
 ########## 
 _fifo_map_swappable end:########## 
 page in list: 5000 
 page in list: 1000 
 page in list: 2000 
 page in list: 4000 
########## 
write Virt Page d in fifo_check_swap
page fault at 0x00004000: K/W [no page found].
 _fifo_swap_out_victim begin:########## 
 page in list: 5000 
 page in list: 1000 
 page in list: 2000 
 page in list: 3000 
 ########## 
 _fifo_swap_out_victim end:########## 
 page in list: 1000 
 page in list: 2000 
 page in list: 3000 
 ########## 
i 0, SWAP: call swap_out_victim , page_va: 0x5000 
swap_out: i 0, store page in vaddr 0x5000 to disk swap entry 6
i 0, swap_out: page_pa: 0x307000
freelist, swap_out: 0x307000
freeblock_size, swap_out: 0x1
##########
swap_in: alloc_page pa: 0x307000
swap_in: alloc_page va: 0x5000
swap_in: load disk swap entry 5 with swap_page in vadr 0x4000
 swap_out_page is: 0x5000
 _fifo_map_swappable begin:########## 
 page in list: 1000 
 page in list: 2000 
 page in list: 3000 
 ########## 
 _fifo_map_swappable end:########## 
 page in list: 1000 
 page in list: 2000 
 page in list: 3000 
 page in list: 5000 
########## 
write Virt Page e in fifo_check_swap
page fault at 0x00005000: K/W [no page found].
 _fifo_swap_out_victim begin:########## 
 page in list: 1000 
 page in list: 2000 
 page in list: 3000 
 page in list: 4000 
 ########## 
 _fifo_swap_out_victim end:########## 
 page in list: 2000 
 page in list: 3000 
 page in list: 4000 
 ########## 
i 0, SWAP: call swap_out_victim , page_va: 0x1000 
swap_out: i 0, store page in vaddr 0x1000 to disk swap entry 2
i 0, swap_out: page_pa: 0x308000
freelist, swap_out: 0x308000
freeblock_size, swap_out: 0x1
##########
swap_in: alloc_page pa: 0x308000
swap_in: alloc_page va: 0x1000
swap_in: load disk swap entry 6 with swap_page in vadr 0x5000
 swap_out_page is: 0x1000
 _fifo_map_swappable begin:########## 
 page in list: 2000 
 page in list: 3000 
 page in list: 4000 
 ########## 
 _fifo_map_swappable end:########## 
 page in list: 2000 
 page in list: 3000 
 page in list: 4000 
 page in list: 1000 
########## 
pgfault_num: 10write Virt Page a in fifo_check_swap
page fault at 0x00001000: K/R [no page found].
 _fifo_swap_out_victim begin:########## 
 page in list: 2000 
 page in list: 3000 
 page in list: 4000 
 page in list: 5000 
 ########## 
 _fifo_swap_out_victim end:########## 
 page in list: 3000 
 page in list: 4000 
 page in list: 5000 
 ########## 
i 0, SWAP: call swap_out_victim , page_va: 0x2000 
swap_out: i 0, store page in vaddr 0x2000 to disk swap entry 3
i 0, swap_out: page_pa: 0x309000
freelist, swap_out: 0x309000
freeblock_size, swap_out: 0x1
##########
swap_in: alloc_page pa: 0x309000
swap_in: alloc_page va: 0x2000
swap_in: load disk swap entry 2 with swap_page in vadr 0x1000
 swap_out_page is: 0x2000
 _fifo_map_swappable begin:########## 
 page in list: 3000 
 page in list: 4000 
 page in list: 5000 
 ########## 
 _fifo_map_swappable end:########## 
 page in list: 3000 
 page in list: 4000 
 page in list: 5000 
 page in list: 2000 
########## 
count is 0, total is 7
check_swap() succeeded!
++ setup timer interrupts
100 ticks
End of Test.
kernel panic at kern/trap/trap.c:20:
    EOT: kernel seems ok.
Welcome to the kernel debug monitor!!
Type 'help' for a list of commands.
K> 